C:\Users\Dan\Scripts\cpp\RollerCoaster\Debug\cl.command.1.tlog
C:\Users\Dan\Scripts\cpp\RollerCoaster\Debug\CL.read.1.tlog
C:\Users\Dan\Scripts\cpp\RollerCoaster\Debug\CL.write.1.tlog
C:\Users\Dan\Scripts\cpp\RollerCoaster\Debug\link.3504.read.1.tlog
C:\Users\Dan\Scripts\cpp\RollerCoaster\Debug\link.3504.write.1.tlog
C:\Users\Dan\Scripts\cpp\RollerCoaster\Debug\link.3504-cvtres.read.1.tlog
C:\Users\Dan\Scripts\cpp\RollerCoaster\Debug\link.3504-cvtres.write.1.tlog
C:\Users\Dan\Scripts\cpp\RollerCoaster\Debug\link.command.1.tlog
C:\Users\Dan\Scripts\cpp\RollerCoaster\Debug\link.read.1.tlog
C:\Users\Dan\Scripts\cpp\RollerCoaster\Debug\link.write.1.tlog
C:\Users\Dan\Scripts\cpp\RollerCoaster\Debug\link-cvtres.read.1.tlog
C:\Users\Dan\Scripts\cpp\RollerCoaster\Debug\link-cvtres.write.1.tlog
C:\Users\Dan\Scripts\cpp\RollerCoaster\Debug\mt.command.1.tlog
C:\Users\Dan\Scripts\cpp\RollerCoaster\Debug\mt.read.1.tlog
C:\Users\Dan\Scripts\cpp\RollerCoaster\Debug\mt.write.1.tlog
C:\Users\Dan\Scripts\cpp\RollerCoaster\Debug\rc.command.1.tlog
C:\Users\Dan\Scripts\cpp\RollerCoaster\Debug\rc.read.1.tlog
C:\Users\Dan\Scripts\cpp\RollerCoaster\Debug\rc.write.1.tlog
C:\USERS\DAN\SCRIPTS\CPP\ROLLERCOASTER\DEBUG\RC_MAIN.OBJ
C:\USERS\DAN\SCRIPTS\CPP\ROLLERCOASTER\DEBUG\RC_SPLINE.OBJ
C:\USERS\DAN\SCRIPTS\CPP\ROLLERCOASTER\DEBUG\ROLLERCOASTER.EXE
C:\USERS\DAN\SCRIPTS\CPP\ROLLERCOASTER\DEBUG\ROLLERCOASTER.EXE.EMBED.MANIFEST
C:\USERS\DAN\SCRIPTS\CPP\ROLLERCOASTER\DEBUG\ROLLERCOASTER.EXE.EMBED.MANIFEST.RES
C:\USERS\DAN\SCRIPTS\CPP\ROLLERCOASTER\DEBUG\ROLLERCOASTER.EXE.INTERMEDIATE.MANIFEST
C:\USERS\DAN\SCRIPTS\CPP\ROLLERCOASTER\DEBUG\ROLLERCOASTER.ILK
C:\USERS\DAN\SCRIPTS\CPP\ROLLERCOASTER\DEBUG\ROLLERCOASTER.PDB
C:\Users\Dan\Scripts\cpp\RollerCoaster\Debug\RollerCoaster_manifest.rc
C:\Users\Dan\Scripts\cpp\RollerCoaster\Debug\vc100.idb
C:\USERS\DAN\SCRIPTS\CPP\ROLLERCOASTER\DEBUG\VC100.PDB
