Build started 4/1/2011 3:45:37 PM.
     1>Project "C:\Users\Dan\Scripts\cpp\RollerCoaster\RollerCoaster.vcxproj" on node 2 (rebuild target(s)).
     1>_PrepareForClean:
         Deleting file "Debug\RollerCoaster.lastbuildstate".
       InitializeBuildStatus:
         Creating "Debug\RollerCoaster.unsuccessfulbuild" because "AlwaysCreate" was specified.
       ClCompile:
         C:\Program Files (x86)\Microsoft Visual Studio 10.0\VC\bin\CL.exe /c /IC:\Users\Dan\Scripts\cpp\RollerCoaster\\libs\include /ZI /nologo /W3 /WX- /Od /Oy- /D WIN32 /D _DEBUG /D _CONSOLE /D _UNICODE /D UNICODE /Gm /EHsc /RTC1 /MTd /GS /fp:precise /Zc:wchar_t /Zc:forScope /Fo"Debug\\" /Fd"Debug\vc100.pdb" /Gd /TP /analyze- /errorReport:prompt rc_main.cpp rc_spline.cpp
         rc_spline.cpp
         rc_main.cpp
         Linking to lib file: libpiciomtd.lib
         Generating Code...
       ManifestResourceCompile:
         C:\Program Files (x86)\Microsoft SDKs\Windows\v7.0A\bin\rc.exe /nologo /fo"Debug\RollerCoaster.exe.embed.manifest.res" Debug\RollerCoaster_manifest.rc 
       Link:
         C:\Program Files (x86)\Microsoft Visual Studio 10.0\VC\bin\link.exe /ERRORREPORT:PROMPT /OUT:"C:\Users\Dan\Scripts\cpp\RollerCoaster\Debug\RollerCoaster.exe" /INCREMENTAL /NOLOGO /LIBPATH:C:\Users\Dan\Scripts\cpp\RollerCoaster\\libs\lib kernel32.lib user32.lib gdi32.lib winspool.lib comdlg32.lib advapi32.lib shell32.lib ole32.lib oleaut32.lib uuid.lib odbc32.lib odbccp32.lib /MANIFEST /ManifestFile:"Debug\RollerCoaster.exe.intermediate.manifest" /MANIFESTUAC:"level='asInvoker' uiAccess='false'" /DEBUG /PDB:"C:\Users\Dan\Scripts\cpp\RollerCoaster\Debug\RollerCoaster.pdb" /SUBSYSTEM:CONSOLE /TLBID:1 /DYNAMICBASE:NO /IMPLIB:"C:\Users\Dan\Scripts\cpp\RollerCoaster\Debug\RollerCoaster.lib" /MACHINE:X86 Debug\RollerCoaster.exe.embed.manifest.res
         Debug\rc_main.obj
         Debug\rc_spline.obj
       Manifest:
         Deleting file "Debug\RollerCoaster.exe.embed.manifest".
         C:\Program Files (x86)\Microsoft SDKs\Windows\v7.0A\bin\mt.exe /nologo /verbose /out:"Debug\RollerCoaster.exe.embed.manifest" /manifest Debug\RollerCoaster.exe.intermediate.manifest
         C:\Program Files (x86)\Microsoft SDKs\Windows\v7.0A\bin\rc.exe /nologo /fo"Debug\RollerCoaster.exe.embed.manifest.res" Debug\RollerCoaster_manifest.rc 
       LinkEmbedManifest:
         C:\Program Files (x86)\Microsoft Visual Studio 10.0\VC\bin\link.exe /ERRORREPORT:PROMPT /OUT:"C:\Users\Dan\Scripts\cpp\RollerCoaster\Debug\RollerCoaster.exe" /INCREMENTAL /NOLOGO /LIBPATH:C:\Users\Dan\Scripts\cpp\RollerCoaster\\libs\lib kernel32.lib user32.lib gdi32.lib winspool.lib comdlg32.lib advapi32.lib shell32.lib ole32.lib oleaut32.lib uuid.lib odbc32.lib odbccp32.lib /MANIFEST /ManifestFile:"Debug\RollerCoaster.exe.intermediate.manifest" /MANIFESTUAC:"level='asInvoker' uiAccess='false'" /DEBUG /PDB:"C:\Users\Dan\Scripts\cpp\RollerCoaster\Debug\RollerCoaster.pdb" /SUBSYSTEM:CONSOLE /TLBID:1 /DYNAMICBASE:NO /IMPLIB:"C:\Users\Dan\Scripts\cpp\RollerCoaster\Debug\RollerCoaster.lib" /MACHINE:X86 Debug\RollerCoaster.exe.embed.manifest.res
         Debug\rc_main.obj
         Debug\rc_spline.obj
         RollerCoaster.vcxproj -> C:\Users\Dan\Scripts\cpp\RollerCoaster\Debug\RollerCoaster.exe
       FinalizeBuildStatus:
         Deleting file "Debug\RollerCoaster.unsuccessfulbuild".
         Touching "Debug\RollerCoaster.lastbuildstate".
     1>Done Building Project "C:\Users\Dan\Scripts\cpp\RollerCoaster\RollerCoaster.vcxproj" (rebuild target(s)).

Build succeeded.

Time Elapsed 00:00:03.99
