Build started 4/1/2011 3:45:52 PM.
     1>Project "C:\Users\Dan\Scripts\cpp\RollerCoaster\RollerCoaster.vcxproj" on node 2 (build target(s)).
     1>InitializeBuildStatus:
         Creating "Release\RollerCoaster.unsuccessfulbuild" because "AlwaysCreate" was specified.
       ClCompile:
         C:\Program Files (x86)\Microsoft Visual Studio 10.0\VC\bin\CL.exe /c /IC:\Users\Dan\Scripts\cpp\RollerCoaster\\libs\include /Zi /nologo /W3 /WX- /O2 /Oy- /GL /D WIN32 /D NDEBUG /D _CONSOLE /D _UNICODE /D UNICODE /Gm- /EHsc /MT /GS /fp:precise /Zc:wchar_t /Zc:forScope /Fo"Release\\" /Fd"Release\vc100.pdb" /Gd /TP /analyze- /errorReport:prompt rc_main.cpp rc_spline.cpp
         rc_main.cpp
         Linking to lib file: libpiciomt.lib
         rc_spline.cpp
       Link:
         C:\Program Files (x86)\Microsoft Visual Studio 10.0\VC\bin\link.exe /ERRORREPORT:PROMPT /OUT:"C:\Users\Dan\Scripts\cpp\RollerCoaster\Release\RollerCoaster.exe" /INCREMENTAL:NO /NOLOGO /LIBPATH:C:\Users\Dan\Scripts\cpp\RollerCoaster\\libs\lib kernel32.lib user32.lib gdi32.lib winspool.lib comdlg32.lib advapi32.lib shell32.lib ole32.lib oleaut32.lib uuid.lib odbc32.lib odbccp32.lib /MANIFEST /ManifestFile:"Release\RollerCoaster.exe.intermediate.manifest" /MANIFESTUAC:"level='asInvoker' uiAccess='false'" /DEBUG /PDB:"C:\Users\Dan\Scripts\cpp\RollerCoaster\Release\RollerCoaster.pdb" /SUBSYSTEM:CONSOLE /OPT:REF /OPT:ICF /LTCG /TLBID:1 /DYNAMICBASE:NO /IMPLIB:"C:\Users\Dan\Scripts\cpp\RollerCoaster\Release\RollerCoaster.lib" /MACHINE:X86 Release\rc_main.obj
         Release\rc_spline.obj
         Generating code
         Finished generating code
         RollerCoaster.vcxproj -> C:\Users\Dan\Scripts\cpp\RollerCoaster\Release\RollerCoaster.exe
       Manifest:
         C:\Program Files (x86)\Microsoft SDKs\Windows\v7.0A\bin\mt.exe /nologo /verbose /outputresource:"C:\Users\Dan\Scripts\cpp\RollerCoaster\Release\RollerCoaster.exe;#1" /manifest Release\RollerCoaster.exe.intermediate.manifest
       FinalizeBuildStatus:
         Deleting file "Release\RollerCoaster.unsuccessfulbuild".
         Touching "Release\RollerCoaster.lastbuildstate".
     1>Done Building Project "C:\Users\Dan\Scripts\cpp\RollerCoaster\RollerCoaster.vcxproj" (build target(s)).

Build succeeded.

Time Elapsed 00:00:05.79
